         Note NODATA value in /home/dave/coast/CoastalME/in/test_suite/minimal_cons_wave_angle_230/two_bays.tif is -3.40282e+38
         instead using CoastalME's default floating-point NODATA value -9999
/home/dave/coast/CoastalME/src/cell.h:35:7: runtime error: load of value 190, which is not a valid value for type 'bool'
/home/dave/coast/CoastalME/src/cell.h:35:7: runtime error: load of value 190, which is not a valid value for type 'bool'
=================================================================
==3008822==ERROR: AddressSanitizer: heap-use-after-free on address 0x6d820d235a60 at pc 0x56b1d9c7bc3b bp 0x7ffe0d8491f0 sp 0x7ffe0d8491e0
READ of size 8 at 0x6d820d235a60 thread T0
    #0 0x56b1d9c7bc3a in CRWCellTalus::dGetSandDepth() const /home/dave/coast/CoastalME/src/cell_talus.cpp:53
    #1 0x56b1d9c1ec4b in CGeomCell::dGetTalusDepth() const /home/dave/coast/CoastalME/src/cell.cpp:372
    #2 0x56b1d9c20ce3 in CGeomCell::dGetAllSedTopElevIncTalus() /home/dave/coast/CoastalME/src/cell.cpp:620
    #3 0x56b1da099895 in CSimulation::bWriteRasterGISFile(int, std::__cxx11::basic_string<char, std::char_traits<char>, std::allocator<char> > const*, int, double) /home/dave/coast/CoastalME/src/gis_raster.cpp:1483
    #4 0x56b1da0e1da6 in CSimulation::bSaveAllRasterGISFiles() /home/dave/coast/CoastalME/src/gis_utils.cpp:957
    #5 0x56b1da43f379 in CSimulation::nDoSimulation(int, char const**) /home/dave/coast/CoastalME/src/simulation.cpp:1358
    #6 0x56b1d9ca2047 in main /home/dave/coast/CoastalME/src/cme.cpp:44
    #7 0x711218c2a574 in __libc_start_call_main ../sysdeps/nptl/libc_start_call_main.h:58
    #8 0x711218c2a627 in __libc_start_main_impl ../csu/libc-start.c:360
    #9 0x56b1d9a6a5e4 in _start (/home/dave/coast/CoastalME/cme+0x1dfa5e4) (BuildId: d794e101ee6119b1c0474ad91e5e68c29190e495)

0x6d820d235a60 is located 0 bytes inside of 80-byte region [0x6d820d235a60,0x6d820d235ab0)
freed by thread T0 here:
    #0 0x71121bb242bb in operator delete(void*, unsigned long) ../../../../src/libsanitizer/asan/asan_new_delete.cpp:155
    #1 0x56b1d9c76f25 in CRWCellLayer::~CRWCellLayer() /home/dave/coast/CoastalME/src/cell_layer.cpp:37
    #2 0x56b1d9c507f3 in void std::_Destroy<CRWCellLayer>(CRWCellLayer*) /usr/include/c++/15/bits/stl_construct.h:166
    #3 0x56b1d9c4ee4e in void std::_Destroy<CRWCellLayer*>(CRWCellLayer*, CRWCellLayer*) /usr/include/c++/15/bits/stl_construct.h:226
    #4 0x56b1d9c4d1f7 in void std::_Destroy<CRWCellLayer*, CRWCellLayer>(CRWCellLayer*, CRWCellLayer*, std::allocator<CRWCellLayer>&) /usr/include/c++/15/bits/alloc_traits.h:1045
    #5 0x56b1d9c4d1f7 in std::vector<CRWCellLayer, std::allocator<CRWCellLayer> >::~vector() /usr/include/c++/15/bits/stl_vector.h:802
    #6 0x56b1d9c1d01c in CGeomCell::~CGeomCell() /home/dave/coast/CoastalME/src/cell.cpp:104
    #7 0x56b1da5055ee in CSimulation::nUpdateGrid() /home/dave/coast/CoastalME/src/update_grid.cpp:81
    #8 0x56b1da43e798 in CSimulation::nDoSimulation(int, char const**) /home/dave/coast/CoastalME/src/simulation.cpp:1326
    #9 0x56b1d9ca2047 in main /home/dave/coast/CoastalME/src/cme.cpp:44
    #10 0x711218c2a574 in __libc_start_call_main ../sysdeps/nptl/libc_start_call_main.h:58
    #11 0x711218c2a627 in __libc_start_main_impl ../csu/libc-start.c:360
    #12 0x56b1d9a6a5e4 in _start (/home/dave/coast/CoastalME/cme+0x1dfa5e4) (BuildId: d794e101ee6119b1c0474ad91e5e68c29190e495)

previously allocated by thread T0 here:
    #0 0x71121bb2319b in operator new(unsigned long) ../../../../src/libsanitizer/asan/asan_new_delete.cpp:86
    #1 0x56b1d9c78008 in CRWCellLayer::pGetOrCreateTalus() /home/dave/coast/CoastalME/src/cell_layer.cpp:178
    #2 0x56b1d9f1a100 in CSimulation::DoCliffCollapseTalusDeposition(int, CRWCliff const*, double, double, int) /home/dave/coast/CoastalME/src/do_cliff_collapse.cpp:718
    #3 0x56b1d9f03531 in CSimulation::nDoAllWaveEnergyToCoastLandforms() /home/dave/coast/CoastalME/src/do_cliff_collapse.cpp:136
    #4 0x56b1da43e1d8 in CSimulation::nDoSimulation(int, char const**) /home/dave/coast/CoastalME/src/simulation.cpp:1213
    #5 0x56b1d9ca2047 in main /home/dave/coast/CoastalME/src/cme.cpp:44
    #6 0x711218c2a574 in __libc_start_call_main ../sysdeps/nptl/libc_start_call_main.h:58
    #7 0x711218c2a627 in __libc_start_main_impl ../csu/libc-start.c:360
    #8 0x56b1d9a6a5e4 in _start (/home/dave/coast/CoastalME/cme+0x1dfa5e4) (BuildId: d794e101ee6119b1c0474ad91e5e68c29190e495)

SUMMARY: AddressSanitizer: heap-use-after-free /home/dave/coast/CoastalME/src/cell_talus.cpp:53 in CRWCellTalus::dGetSandDepth() const
Shadow bytes around the buggy address:
  0x6d820d235780: fd fd fd fd fa fa fa fa fd fd fd fd fd fd fd fd
  0x6d820d235800: fd fa fa fa fa fa fd fd fd fd fd fd fd fd fd fa
  0x6d820d235880: fa fa fa fa fd fd fd fd fd fd fd fd fd fd fa fa
  0x6d820d235900: fa fa fd fd fd fd fd fd fd fd fd fa fa fa fa fa
  0x6d820d235980: fd fd fd fd fd fd fd fd fd fd fa fa fa fa fd fd
=>0x6d820d235a00: fd fd fd fd fd fd fd fa fa fa fa fa[fd]fd fd fd
  0x6d820d235a80: fd fd fd fd fd fd fa fa fa fa fd fd fd fd fd fd
  0x6d820d235b00: fd fd fd fd fa fa fa fa fd fd fd fd fd fd fd fd
  0x6d820d235b80: fd fd fa fa fa fa fd fd fd fd fd fd fd fd fd fd
  0x6d820d235c00: fa fa fa fa fd fd fd fd fd fd fd fd fd fd fa fa
  0x6d820d235c80: fa fa fd fd fd fd fd fd fd fd fd fd fa fa fa fa
Shadow byte legend (one shadow byte represents 8 application bytes):
  Addressable:           00
  Partially addressable: 01 02 03 04 05 06 07 
  Heap left redzone:       fa
  Freed heap region:       fd
  Stack left redzone:      f1
  Stack mid redzone:       f2
  Stack right redzone:     f3
  Stack after return:      f5
  Stack use after scope:   f8
  Global redzone:          f9
  Global init order:       f6
  Poisoned by user:        f7
  Container overflow:      fc
  Array cookie:            ac
  Intra object redzone:    bb
  ASan internal:           fe
  Left alloca redzone:     ca
  Right alloca redzone:    cb
==3008822==ABORTING
